# JRE version: Java(TM) SE Runtime Environment (8.0_181-b13) (build 1.8.0_181-b13)
# Java VM: Java HotSpot(TM) 64-Bit Server VM (25.181-b13 mixed mode windows-amd64 compressed oops)
Heap:
 PSYoungGen      total 13824K, used 12595K [0x00000000fef80000, 0x0000000100000000, 0x0000000100000000)
  eden space 10752K, 97% used [0x00000000fef80000,0x00000000ff9b4c68,0x00000000ffa00000)
  from space 3072K, 69% used [0x00000000ffa00000,0x00000000ffc18010,0x00000000ffd00000)
  to   space 3072K, 0% used [0x00000000ffd00000,0x00000000ffd00000,0x0000000100000000)
 ParOldGen       total 34304K, used 18944K [0x00000000fce00000, 0x00000000fef80000, 0x00000000fef80000)
  object space 34304K, 55% used [0x00000000fce00000,0x00000000fe080280,0x00000000fef80000)
 Metaspace       used 10922K, capacity 11344K, committed 11392K, reserved 1058816K
  class space    used 1256K, capacity 1363K, committed 1408K, reserved 1048576K
GC Heap History (10 events):
Event: 41.031 GC heap before
{Heap before GC invocations=9015 (full 232):
 PSYoungGen      total 13312K, used 9467K [0x00000000fef80000, 0x0000000100000000, 0x0000000100000000)
  eden space 9728K, 75% used [0x00000000fef80000,0x00000000ff6aef68,0x00000000ff900000)
  from space 3584K, 58% used [0x00000000ff900000,0x00000000ffb10010,0x00000000ffc80000)
  to   space 3584K, 0% used [0x00000000ffc80000,0x00000000ffc80000,0x0000000100000000)
 ParOldGen       total 34304K, used 15872K [0x00000000fce00000, 0x00000000fef80000, 0x00000000fef80000)
  object space 34304K, 46% used [0x00000000fce00000,0x00000000fdd80270,0x00000000fef80000)
 Metaspace       used 10921K, capacity 11344K, committed 11392K, reserved 1058816K
  class space    used 1256K, capacity 1363K, committed 1408K, reserved 1048576K
Event: 41.032 GC heap after
Heap after GC invocations=9015 (full 232):
 PSYoungGen      total 13824K, used 2144K [0x00000000fef80000, 0x0000000100000000, 0x0000000100000000)
  eden space 10240K, 0% used [0x00000000fef80000,0x00000000fef80000,0x00000000ff980000)
  from space 3584K, 59% used [0x00000000ffc80000,0x00000000ffe98010,0x0000000100000000)
  to   space 3072K, 0% used [0x00000000ff980000,0x00000000ff980000,0x00000000ffc80000)
 ParOldGen       total 34304K, used 15872K [0x00000000fce00000, 0x00000000fef80000, 0x00000000fef80000)
  object space 34304K, 46% used [0x00000000fce00000,0x00000000fdd80270,0x00000000fef80000)
 Metaspace       used 10921K, capacity 11344K, committed 11392K, reserved 1058816K
  class space    used 1256K, capacity 1363K, committed 1408K, reserved 1048576K
}
Event: 41.033 GC heap before
{Heap before GC invocations=9016 (full 232):
 PSYoungGen      total 13824K, used 9510K [0x00000000fef80000, 0x0000000100000000, 0x0000000100000000)
  eden space 10240K, 71% used [0x00000000fef80000,0x00000000ff6b19a0,0x00000000ff980000)
  from space 3584K, 59% used [0x00000000ffc80000,0x00000000ffe98010,0x0000000100000000)
  to   space 3072K, 0% used [0x00000000ff980000,0x00000000ff980000,0x00000000ffc80000)
 ParOldGen       total 34304K, used 15872K [0x00000000fce00000, 0x00000000fef80000, 0x00000000fef80000)
  object space 34304K, 46% used [0x00000000fce00000,0x00000000fdd80270,0x00000000fef80000)
 Metaspace       used 10921K, capacity 11344K, committed 11392K, reserved 1058816K
  class space    used 1256K, capacity 1363K, committed 1408K, reserved 1048576K
Event: 41.034 GC heap after
Heap after GC invocations=9016 (full 232):
 PSYoungGen      total 13312K, used 2144K [0x00000000fef80000, 0x0000000100000000, 0x0000000100000000)
  eden space 10240K, 0% used [0x00000000fef80000,0x00000000fef80000,0x00000000ff980000)
  from space 3072K, 69% used [0x00000000ff980000,0x00000000ffb98010,0x00000000ffc80000)
  to   space 3072K, 0% used [0x00000000ffd00000,0x00000000ffd00000,0x0000000100000000)
 ParOldGen       total 34304K, used 15872K [0x00000000fce00000, 0x00000000fef80000, 0x00000000fef80000)
  object space 34304K, 46% used [0x00000000fce00000,0x00000000fdd80270,0x00000000fef80000)
 Metaspace       used 10921K, capacity 11344K, committed 11392K, reserved 1058816K
  class space    used 1256K, capacity 1363K, committed 1408K, reserved 1048576K
}
Event: 41.035 GC heap before
{Heap before GC invocations=9017 (full 232):
 PSYoungGen      total 13312K, used 9510K [0x00000000fef80000, 0x0000000100000000, 0x0000000100000000)
  eden space 10240K, 71% used [0x00000000fef80000,0x00000000ff6b1af8,0x00000000ff980000)
  from space 3072K, 69% used [0x00000000ff980000,0x00000000ffb98010,0x00000000ffc80000)
  to   space 3072K, 0% used [0x00000000ffd00000,0x00000000ffd00000,0x0000000100000000)
 ParOldGen       total 34304K, used 15872K [0x00000000fce00000, 0x00000000fef80000, 0x00000000fef80000)
  object space 34304K, 46% used [0x00000000fce00000,0x00000000fdd80270,0x00000000fef80000)
 Metaspace       used 10921K, capacity 11344K, committed 11392K, reserved 1058816K
  class space    used 1256K, capacity 1363K, committed 1408K, reserved 1048576K
Event: 41.036 GC heap after
Heap after GC invocations=9017 (full 232):
 PSYoungGen      total 13824K, used 2112K [0x00000000fef80000, 0x0000000100000000, 0x0000000100000000)
  eden space 10752K, 0% used [0x00000000fef80000,0x00000000fef80000,0x00000000ffa00000)
  from space 3072K, 68% used [0x00000000ffd00000,0x00000000fff10010,0x0000000100000000)
  to   space 3072K, 0% used [0x00000000ffa00000,0x00000000ffa00000,0x00000000ffd00000)
 ParOldGen       total 34304K, used 15872K [0x00000000fce00000, 0x00000000fef80000, 0x00000000fef80000)
  object space 34304K, 46% used [0x00000000fce00000,0x00000000fdd80270,0x00000000fef80000)
 Metaspace       used 10921K, capacity 11344K, committed 11392K, reserved 1058816K
  class space    used 1256K, capacity 1363K, committed 1408K, reserved 1048576K
}
Event: 41.038 GC heap before
{Heap before GC invocations=9018 (full 232):
 PSYoungGen      total 13824K, used 12560K [0x00000000fef80000, 0x0000000100000000, 0x0000000100000000)
  eden space 10752K, 97% used [0x00000000fef80000,0x00000000ff9b43b0,0x00000000ffa00000)
  from space 3072K, 68% used [0x00000000ffd00000,0x00000000fff10010,0x0000000100000000)
  to   space 3072K, 0% used [0x00000000ffa00000,0x00000000ffa00000,0x00000000ffd00000)
 ParOldGen       total 34304K, used 15872K [0x00000000fce00000, 0x00000000fef80000, 0x00000000fef80000)
  object space 34304K, 46% used [0x00000000fce00000,0x00000000fdd80270,0x00000000fef80000)
 Metaspace       used 10921K, capacity 11344K, committed 11392K, reserved 1058816K
  class space    used 1256K, capacity 1363K, committed 1408K, reserved 1048576K
Event: 41.039 GC heap after
Heap after GC invocations=9018 (full 232):
 PSYoungGen      total 13824K, used 2112K [0x00000000fef80000, 0x0000000100000000, 0x0000000100000000)
  eden space 10752K, 0% used [0x00000000fef80000,0x00000000fef80000,0x00000000ffa00000)
  from space 3072K, 68% used [0x00000000ffa00000,0x00000000ffc10010,0x00000000ffd00000)
  to   space 3072K, 0% used [0x00000000ffd00000,0x00000000ffd00000,0x0000000100000000)
 ParOldGen       total 34304K, used 18944K [0x00000000fce00000, 0x00000000fef80000, 0x00000000fef80000)
  object space 34304K, 55% used [0x00000000fce00000,0x00000000fe080280,0x00000000fef80000)
 Metaspace       used 10921K, capacity 11344K, committed 11392K, reserved 1058816K
  class space    used 1256K, capacity 1363K, committed 1408K, reserved 1048576K
}
Event: 41.041 GC heap before
{Heap before GC invocations=9019 (full 232):
 PSYoungGen      total 13824K, used 11537K [0x00000000fef80000, 0x0000000100000000, 0x0000000100000000)
  eden space 10752K, 87% used [0x00000000fef80000,0x00000000ff8b46a0,0x00000000ffa00000)
  from space 3072K, 68% used [0x00000000ffa00000,0x00000000ffc10010,0x00000000ffd00000)
  to   space 3072K, 0% used [0x00000000ffd00000,0x00000000ffd00000,0x0000000100000000)
 ParOldGen       total 34304K, used 18944K [0x00000000fce00000, 0x00000000fef80000, 0x00000000fef80000)
  object space 34304K, 55% used [0x00000000fce00000,0x00000000fe080280,0x00000000fef80000)
 Metaspace       used 10922K, capacity 11344K, committed 11392K, reserved 1058816K
  class space    used 1256K, capacity 1363K, committed 1408K, reserved 1048576K
Event: 41.041 GC heap after
Heap after GC invocations=9019 (full 232):
 PSYoungGen      total 13824K, used 1056K [0x00000000fef80000, 0x0000000100000000, 0x0000000100000000)
  eden space 10752K, 0% used [0x00000000fef80000,0x00000000fef80000,0x00000000ffa00000)
  from space 3072K, 34% used [0x00000000ffd00000,0x00000000ffe08010,0x0000000100000000)
  to   space 3072K, 0% used [0x00000000ffa00000,0x00000000ffa00000,0x00000000ffd00000)
 ParOldGen       total 34304K, used 18944K [0x00000000fce00000, 0x00000000fef80000, 0x00000000fef80000)
  object space 34304K, 55% used [0x00000000fce00000,0x00000000fe080280,0x00000000fef80000)
 Metaspace       used 10922K, capacity 11344K, committed 11392K, reserved 1058816K
  class space    used 1256K, capacity 1363K, committed 1408K, reserved 1048576K
}

